<?xml version="1.0" encoding="UTF-8"?>
<testng-results skipped="0" failed="0" ignored="0" total="1" passed="1">
  <reporter-output>
  </reporter-output>
  <suite name="Default suite" duration-ms="231" started-at="2020-12-10T13:15:47 IST" finished-at="2020-12-10T13:15:47 IST">
    <groups>
    </groups>
    <test name="Default test" duration-ms="231" started-at="2020-12-10T13:15:47 IST" finished-at="2020-12-10T13:15:47 IST">
      <class name="jdbc.Jdbc">
        <test-method status="PASS" signature="setup()[pri:0, instance:jdbc.Jdbc@2a32de6c]" name="setup" duration-ms="194" started-at="2020-12-10T13:15:47 IST" finished-at="2020-12-10T13:15:47 IST">
          <reporter-output>
          </reporter-output>
        </test-method> <!-- setup -->
      </class> <!-- jdbc.Jdbc -->
    </test> <!-- Default test -->
  </suite> <!-- Default suite -->
</testng-results>
